<?xml version="1.0" encoding="UTF-8"?>
<testng-results ignored="0" total="6" passed="6" failed="0" skipped="0">
  <reporter-output>
  </reporter-output>
  <suite started-at="2022-03-31T14:44:31 EDT" name="Suite" finished-at="2022-03-31T14:44:31 EDT" duration-ms="43">
    <groups>
    </groups>
    <test started-at="2022-03-31T14:44:31 EDT" name="Test" finished-at="2022-03-31T14:44:31 EDT" duration-ms="43">
      <class name="qaclickacademy.AppiumTest">
        <test-method signature="IOSApps()[pri:0, instance:qaclickacademy.AppiumTest@57d7f8ca]" started-at="2022-03-31T14:44:31 EDT" name="IOSApps" finished-at="2022-03-31T14:44:31 EDT" duration-ms="5" status="PASS">
          <reporter-output>
          </reporter-output>
        </test-method> <!-- IOSApps -->
        <test-method signature="NativeAPPAndroid()[pri:0, instance:qaclickacademy.AppiumTest@57d7f8ca]" started-at="2022-03-31T14:44:31 EDT" name="NativeAPPAndroid" finished-at="2022-03-31T14:44:31 EDT" duration-ms="0" status="PASS">
          <reporter-output>
          </reporter-output>
        </test-method> <!-- NativeAPPAndroid -->
      </class> <!-- qaclickacademy.AppiumTest -->
      <class name="qaclickacademy.RESTAPITest">
        <test-method signature="deleteTwitter()[pri:0, instance:qaclickacademy.RESTAPITest@53fdffa1]" started-at="2022-03-31T14:44:31 EDT" name="deleteTwitter" finished-at="2022-03-31T14:44:31 EDT" duration-ms="0" status="PASS">
          <reporter-output>
          </reporter-output>
        </test-method> <!-- deleteTwitter -->
        <test-method signature="postJira()[pri:0, instance:qaclickacademy.RESTAPITest@53fdffa1]" started-at="2022-03-31T14:44:31 EDT" name="postJira" finished-at="2022-03-31T14:44:31 EDT" duration-ms="0" status="PASS">
          <reporter-output>
          </reporter-output>
        </test-method> <!-- postJira -->
      </class> <!-- qaclickacademy.RESTAPITest -->
      <class name="qaclickacademy.SeleniumTest">
        <test-method signature="BrowserAutomation()[pri:0, instance:qaclickacademy.SeleniumTest@4d465b11]" started-at="2022-03-31T14:44:31 EDT" name="BrowserAutomation" finished-at="2022-03-31T14:44:31 EDT" duration-ms="0" status="PASS">
          <reporter-output>
          </reporter-output>
        </test-method> <!-- BrowserAutomation -->
        <test-method signature="elementsUI()[pri:0, instance:qaclickacademy.SeleniumTest@4d465b11]" started-at="2022-03-31T14:44:31 EDT" name="elementsUI" finished-at="2022-03-31T14:44:31 EDT" duration-ms="0" status="PASS">
          <reporter-output>
          </reporter-output>
        </test-method> <!-- elementsUI -->
      </class> <!-- qaclickacademy.SeleniumTest -->
    </test> <!-- Test -->
  </suite> <!-- Suite -->
</testng-results>
